<?xml version="1.0" encoding="UTF-8"?>
<testng-results ignored="0" total="2" passed="2" failed="0" skipped="0">
  <reporter-output>
  </reporter-output>
  <suite started-at="2024-08-02T19:31:35 IST" name="Default suite" finished-at="2024-08-02T19:32:04 IST" duration-ms="29161">
    <groups>
    </groups>
    <test started-at="2024-08-02T19:31:35 IST" name="Default test" finished-at="2024-08-02T19:32:04 IST" duration-ms="29161">
      <class name="com.qa.TestMethod.TestMethodKey">
        <test-method signature="startEngine1()[pri:1, instance:com.qa.TestMethod.TestMethodKey@7b98f307]" started-at="2024-08-02T19:31:35 IST" name="startEngine1" finished-at="2024-08-02T19:31:54 IST" duration-ms="19306" status="PASS">
          <reporter-output>
          </reporter-output>
        </test-method> <!-- startEngine1 -->
        <test-method signature="startEngine2()[pri:2, instance:com.qa.TestMethod.TestMethodKey@7b98f307]" started-at="2024-08-02T19:31:54 IST" name="startEngine2" finished-at="2024-08-02T19:32:04 IST" duration-ms="9788" status="PASS">
          <reporter-output>
          </reporter-output>
        </test-method> <!-- startEngine2 -->
      </class> <!-- com.qa.TestMethod.TestMethodKey -->
    </test> <!-- Default test -->
  </suite> <!-- Default suite -->
</testng-results>
